TN:
SF:src\app\cards\isinCard.ts
FN:9,(anonymous_0)
FN:32,(anonymous_1)
FNF:2
FNH:2
FNDA:1,(anonymous_0)
FNDA:4,(anonymous_1)
DA:10,1
DA:12,1
DA:13,1
DA:15,1
DA:16,1
DA:18,1
DA:19,1
DA:21,1
DA:22,1
DA:25,1
DA:32,4
LF:11
LH:11
BRF:0
BRH:0
end_of_record
TN:
SF:src\app\dataAccess\dbClient.ts
FN:6,(anonymous_0)
FN:11,(anonymous_1)
FN:19,(anonymous_2)
FNF:3
FNH:3
FNDA:2,(anonymous_0)
FNDA:1,(anonymous_1)
FNDA:1,(anonymous_2)
DA:1,1
DA:4,1
DA:7,2
DA:8,2
DA:12,1
DA:14,1
DA:16,1
DA:20,1
LF:8
LH:8
BRF:0
BRH:0
end_of_record
TN:
SF:src\app\forms\buyForm.ts
FN:10,(anonymous_0)
FN:58,(anonymous_1)
FN:59,(anonymous_2)
FNF:3
FNH:3
FNDA:1,(anonymous_0)
FNDA:6,(anonymous_1)
FNDA:1,(anonymous_2)
DA:11,1
DA:13,1
DA:14,1
DA:16,1
DA:19,1
DA:20,1
DA:21,1
DA:23,1
DA:24,1
DA:25,1
DA:27,1
DA:28,1
DA:29,1
DA:31,1
DA:32,1
DA:33,1
DA:35,1
DA:36,1
DA:37,1
DA:39,1
DA:40,1
DA:41,1
DA:43,1
DA:49,1
DA:50,1
DA:52,1
DA:56,1
DA:57,1
DA:58,6
DA:59,1
LF:30
LH:30
BRF:0
BRH:0
end_of_record
